<?xml version="1.0" encoding="UTF-8"?>
<coverage generated="1522805801105" clover="3.2.0">
  <project timestamp="1522805801105" name="All files">
    <metrics statements="16" coveredstatements="11" conditionals="2" coveredconditionals="1" methods="6" coveredmethods="2" elements="24" coveredelements="14" complexity="0" loc="16" ncloc="16" packages="1" files="2" classes="2">
      <file name="asyncTests.js" path="/Users/zac/Documents/ACA/lectures/testing-basics/src/asyncTests.js">
        <metrics statements="11" coveredstatements="7" conditionals="2" coveredconditionals="1" methods="4" coveredmethods="1"/>
        <line num="1" count="1" type="stmt"/>
        <line num="4" count="1" type="cond" truecount="0" falsecount="1"/>
        <line num="5" count="0" type="stmt"/>
        <line num="9" count="0" type="stmt"/>
        <line num="10" count="0" type="stmt"/>
        <line num="12" count="1" type="cond" truecount="1" falsecount="0"/>
        <line num="13" count="3" type="stmt"/>
        <line num="14" count="3" type="stmt"/>
        <line num="16" count="3" type="stmt"/>
        <line num="19" count="0" type="stmt"/>
        <line num="23" count="1" type="stmt"/>
      </file>
      <file name="tests.js" path="/Users/zac/Documents/ACA/lectures/testing-basics/src/tests.js">
        <metrics statements="5" coveredstatements="4" conditionals="0" coveredconditionals="0" methods="2" coveredmethods="1"/>
        <line num="1" count="1" type="stmt"/>
        <line num="2" count="1" type="stmt"/>
        <line num="4" count="1" type="stmt"/>
        <line num="5" count="0" type="stmt"/>
        <line num="7" count="1" type="stmt"/>
      </file>
    </metrics>
  </project>
</coverage>
