{"/Users/zac/Documents/ACA/lectures/testing-basics/src/asyncTests.js": {"path":"/Users/zac/Documents/ACA/lectures/testing-basics/src/asyncTests.js","statementMap":{"0":{"start":{"line":1,"column":14},"end":{"line":1,"column":30}},"1":{"start":{"line":4,"column":24},"end":{"line":10,"column":26}},"2":{"start":{"line":5,"column":2},"end":{"line":10,"column":26}},"3":{"start":{"line":9,"column":17},"end":{"line":9,"column":20}},"4":{"start":{"line":10,"column":20},"end":{"line":10,"column":25}},"5":{"start":{"line":12,"column":17},"end":{"line":21,"column":1}},"6":{"start":{"line":13,"column":2},"end":{"line":20,"column":3}},"7":{"start":{"line":14,"column":21},"end":{"line":15,"column":88}},"8":{"start":{"line":16,"column":4},"end":{"line":16,"column":16}},"9":{"start":{"line":19,"column":4},"end":{"line":19,"column":27}},"10":{"start":{"line":23,"column":0},"end":{"line":26,"column":2}}},"fnMap":{"0":{"name":"(anonymous_0)","decl":{"start":{"line":4,"column":24},"end":{"line":4,"column":25}},"loc":{"start":{"line":5,"column":2},"end":{"line":10,"column":26}},"line":5},"1":{"name":"(anonymous_1)","decl":{"start":{"line":9,"column":10},"end":{"line":9,"column":11}},"loc":{"start":{"line":9,"column":17},"end":{"line":9,"column":20}},"line":9},"2":{"name":"(anonymous_2)","decl":{"start":{"line":10,"column":11},"end":{"line":10,"column":12}},"loc":{"start":{"line":10,"column":20},"end":{"line":10,"column":25}},"line":10},"3":{"name":"(anonymous_3)","decl":{"start":{"line":12,"column":17},"end":{"line":12,"column":18}},"loc":{"start":{"line":12,"column":41},"end":{"line":21,"column":1}},"line":12}},"branchMap":{"0":{"loc":{"start":{"line":4,"column":25},"end":{"line":4,"column":37}},"type":"default-arg","locations":[{"start":{"line":4,"column":35},"end":{"line":4,"column":37}}],"line":4},"1":{"loc":{"start":{"line":12,"column":24},"end":{"line":12,"column":36}},"type":"default-arg","locations":[{"start":{"line":12,"column":34},"end":{"line":12,"column":36}}],"line":12}},"s":{"0":1,"1":1,"2":0,"3":0,"4":0,"5":1,"6":4,"7":4,"8":4,"9":0,"10":1},"f":{"0":0,"1":0,"2":0,"3":4},"b":{"0":[0],"1":[2]},"_coverageSchema":"332fd63041d2c1bcb487cc26dd0d5f7d97098a6c","hash":"27edecd1d89282d1353853ee530bbc1c91578d08"}
,"/Users/zac/Documents/ACA/lectures/testing-basics/src/tests.js": {"path":"/Users/zac/Documents/ACA/lectures/testing-basics/src/tests.js","statementMap":{"0":{"start":{"line":1,"column":15},"end":{"line":2,"column":7}},"1":{"start":{"line":2,"column":2},"end":{"line":2,"column":7}},"2":{"start":{"line":4,"column":16},"end":{"line":5,"column":7}},"3":{"start":{"line":5,"column":2},"end":{"line":5,"column":7}},"4":{"start":{"line":7,"column":0},"end":{"line":10,"column":2}}},"fnMap":{"0":{"name":"(anonymous_0)","decl":{"start":{"line":1,"column":15},"end":{"line":1,"column":16}},"loc":{"start":{"line":2,"column":2},"end":{"line":2,"column":7}},"line":2},"1":{"name":"(anonymous_1)","decl":{"start":{"line":4,"column":16},"end":{"line":4,"column":17}},"loc":{"start":{"line":5,"column":2},"end":{"line":5,"column":7}},"line":5}},"branchMap":{},"s":{"0":1,"1":1,"2":1,"3":0,"4":1},"f":{"0":1,"1":0},"b":{},"_coverageSchema":"332fd63041d2c1bcb487cc26dd0d5f7d97098a6c","hash":"ef54b1e05ec657c4e8373fa60eacf467428fae71"}
}
