TN:
SF:/Users/zac/Documents/ACA/lectures/testing-basics/src/asyncTests.js
FN:4,(anonymous_0)
FN:9,(anonymous_1)
FN:10,(anonymous_2)
FN:12,(anonymous_3)
FNF:4
FNH:1
FNDA:0,(anonymous_0)
FNDA:0,(anonymous_1)
FNDA:0,(anonymous_2)
FNDA:4,(anonymous_3)
DA:1,1
DA:4,1
DA:5,0
DA:9,0
DA:10,0
DA:12,1
DA:13,4
DA:14,4
DA:16,4
DA:19,0
DA:23,1
LF:11
LH:7
BRDA:4,0,0,0
BRDA:12,1,0,2
BRF:2
BRH:1
end_of_record
TN:
SF:/Users/zac/Documents/ACA/lectures/testing-basics/src/tests.js
FN:1,(anonymous_0)
FN:4,(anonymous_1)
FNF:2
FNH:1
FNDA:1,(anonymous_0)
FNDA:0,(anonymous_1)
DA:1,1
DA:2,1
DA:4,1
DA:5,0
DA:7,1
LF:5
LH:4
BRF:0
BRH:0
end_of_record
